2026-05-06 14:40:51.173 +03 [10132] LOG:  starting PostgreSQL 18.3 on x86_64-windows, compiled by msvc-19.44.35225, 64-bit
2026-05-06 14:40:51.177 +03 [10132] LOG:  listening on IPv6 address "::1", port 5432
2026-05-06 14:40:51.177 +03 [10132] LOG:  listening on IPv4 address "127.0.0.1", port 5432
2026-05-06 14:40:51.214 +03 [2704] LOG:  database system was interrupted; last known up at 2026-05-06 14:22:12 +03
2026-05-06 14:40:52.452 +03 [12888] FATAL:  the database system is starting up
2026-05-06 14:40:52.467 +03 [5304] FATAL:  the database system is starting up
2026-05-06 14:40:56.726 +03 [2704] LOG:  could not open file "./pg.log": sharing violation
2026-05-06 14:40:56.726 +03 [2704] DETAIL:  Continuing to retry for 30 seconds.
2026-05-06 14:40:56.726 +03 [2704] HINT:  You might have antivirus, backup, or similar software interfering with the database system.
2026-05-06 14:41:12.156 +03 [7552] FATAL:  the database system is starting up
2026-05-06 14:41:12.170 +03 [12884] FATAL:  the database system is starting up
2026-05-06 14:41:12.554 +03 [6688] FATAL:  the database system is starting up
2026-05-06 14:41:12.568 +03 [19768] FATAL:  the database system is starting up
2026-05-06 14:41:22.702 +03 [2704] LOG:  syncing data directory (fsync), elapsed time: 31.48 s, current path: ./pg_commit_ts
2026-05-06 14:41:22.711 +03 [2704] LOG:  database system was not properly shut down; automatic recovery in progress
2026-05-06 14:41:22.718 +03 [2704] LOG:  redo starts at 0/45D8B28
2026-05-06 14:41:22.718 +03 [2704] LOG:  invalid record length at 0/45D8C30: expected at least 24, got 0
2026-05-06 14:41:22.719 +03 [2704] LOG:  redo done at 0/45D8BF8 system usage: CPU: user: 0.00 s, system: 0.00 s, elapsed: 0.00 s
2026-05-06 14:41:22.742 +03 [21044] LOG:  checkpoint starting: end-of-recovery immediate wait
2026-05-06 14:41:22.756 +03 [21044] LOG:  checkpoint complete: wrote 0 buffers (0.0%), wrote 3 SLRU buffers; 0 WAL file(s) added, 0 removed, 0 recycled; write=0.002 s, sync=0.003 s, total=0.036 s; sync files=2, longest=0.002 s, average=0.002 s; distance=0 kB, estimate=0 kB; lsn=0/45D8C30, redo lsn=0/45D8C30
2026-05-06 14:41:22.765 +03 [10132] LOG:  database system is ready to accept connections
2026-05-06 14:41:23.755 +03 [10132] LOG:  background worker "logical replication launcher" (PID 21220) was terminated by exception 0xC000013A
2026-05-06 14:41:23.755 +03 [10132] HINT:  See C include file "ntstatus.h" for a description of the hexadecimal value.
2026-05-06 14:41:23.755 +03 [10132] LOG:  terminating any other active server processes
2026-05-06 14:41:23.761 +03 [10132] LOG:  received fast shutdown request
^C2026-05-06 14:46:55.523 +03 [16464] LOG:  starting PostgreSQL 18.3 on x86_64-windows, compiled by msvc-19.44.35225, 64-bit
2026-05-06 14:46:55.526 +03 [16464] LOG:  listening on IPv6 address "::1", port 5432
2026-05-06 14:46:55.526 +03 [16464] LOG:  listening on IPv4 address "127.0.0.1", port 5432
2026-05-06 14:46:55.569 +03 [3316] LOG:  database system was interrupted; last known up at 2026-05-06 14:41:22 +03
2026-05-06 14:46:55.695 +03 [20956] FATAL:  the database system is starting up
2026-05-06 14:47:01.152 +03 [3316] LOG:  could not open file "./pg.log": sharing violation
2026-05-06 14:47:01.152 +03 [3316] DETAIL:  Continuing to retry for 30 seconds.
2026-05-06 14:47:01.152 +03 [3316] HINT:  You might have antivirus, backup, or similar software interfering with the database system.
2026-05-06 14:47:06.864 +03 [10080] FATAL:  the database system is starting up
2026-05-06 14:47:12.190 +03 [16928] FATAL:  the database system is starting up
2026-05-06 14:47:12.203 +03 [19600] FATAL:  the database system is starting up
2026-05-06 14:47:22.802 +03 [14676] FATAL:  the database system is starting up
2026-05-06 14:47:27.034 +03 [3316] LOG:  syncing data directory (fsync), elapsed time: 31.46 s, current path: ./pg_commit_ts
2026-05-06 14:47:27.047 +03 [3316] LOG:  database system was not properly shut down; automatic recovery in progress
2026-05-06 14:47:27.051 +03 [3316] LOG:  redo starts at 0/45D8CA8
2026-05-06 14:47:27.051 +03 [3316] LOG:  invalid record length at 0/45D8CE0: expected at least 24, got 0
2026-05-06 14:47:27.051 +03 [3316] LOG:  redo done at 0/45D8CA8 system usage: CPU: user: 0.00 s, system: 0.00 s, elapsed: 0.00 s
2026-05-06 14:47:27.067 +03 [16528] LOG:  checkpoint starting: end-of-recovery immediate wait
2026-05-06 14:47:27.083 +03 [16528] LOG:  checkpoint complete: wrote 0 buffers (0.0%), wrote 3 SLRU buffers; 0 WAL file(s) added, 0 removed, 0 recycled; write=0.002 s, sync=0.003 s, total=0.032 s; sync files=2, longest=0.002 s, average=0.002 s; distance=0 kB, estimate=0 kB; lsn=0/45D8CE0, redo lsn=0/45D8CE0
2026-05-06 14:47:27.099 +03 [16464] LOG:  database system is ready to accept connections
2026-05-06 14:47:43.526 +03 [19900] ERROR:  unterminated quoted identifier at or near "" User\ klinik_modern" at character 22
2026-05-06 14:47:43.526 +03 [19900] STATEMENT:  SELECT count(*) FROM " User\ klinik_modern
2026-05-06 14:47:59.347 +03 [5436] ERROR:  unterminated quoted identifier at or near "" User\;" at character 29
2026-05-06 14:47:59.347 +03 [5436] STATEMENT:  SELECT count(*) FROM public." User\;
2026-05-06 14:52:27.088 +03 [16528] LOG:  checkpoint starting: time
2026-05-06 14:52:27.737 +03 [16528] LOG:  checkpoint complete: wrote 6 buffers (0.0%), wrote 1 SLRU buffers; 0 WAL file(s) added, 0 removed, 0 recycled; write=0.627 s, sync=0.009 s, total=0.649 s; sync files=7, longest=0.002 s, average=0.002 s; distance=8 kB, estimate=8 kB; lsn=0/45DB0B8, redo lsn=0/45DB060
2026-05-06 14:52:38.641 +03 [18104] LOG:  could not receive data from client: An existing connection was forcibly closed by the remote host.
	
2026-05-06 14:52:38.641 +03 [12572] LOG:  could not receive data from client: An existing connection was forcibly closed by the remote host.
	
2026-05-06 14:52:38.641 +03 [17620] LOG:  could not receive data from client: An existing connection was forcibly closed by the remote host.
	
2026-05-06 14:52:38.641 +03 [15504] LOG:  could not receive data from client: An existing connection was forcibly closed by the remote host.
	
2026-05-06 14:57:27.740 +03 [16528] LOG:  checkpoint starting: time
2026-05-06 14:57:28.496 +03 [16528] LOG:  checkpoint complete: wrote 7 buffers (0.0%), wrote 1 SLRU buffers; 0 WAL file(s) added, 0 removed, 0 recycled; write=0.730 s, sync=0.012 s, total=0.756 s; sync files=8, longest=0.002 s, average=0.002 s; distance=17 kB, estimate=17 kB; lsn=0/45DF670, redo lsn=0/45DF618
2026-05-06 15:02:27.498 +03 [16528] LOG:  checkpoint starting: time
2026-05-06 15:02:28.260 +03 [16528] LOG:  checkpoint complete: wrote 7 buffers (0.0%), wrote 1 SLRU buffers; 0 WAL file(s) added, 0 removed, 0 recycled; write=0.737 s, sync=0.012 s, total=0.763 s; sync files=8, longest=0.003 s, average=0.002 s; distance=17 kB, estimate=17 kB; lsn=0/45E3D00, redo lsn=0/45E3CA8
2026-05-06 15:04:29.033 +03 [21084] LOG:  could not receive data from client: An established connection was aborted by the software in your host machine.
	
2026-05-06 15:04:29.766 +03 [16528] LOG:  checkpoint starting: immediate force wait
2026-05-06 15:04:29.785 +03 [16528] LOG:  checkpoint complete: wrote 4 buffers (0.0%), wrote 1 SLRU buffers; 0 WAL file(s) added, 0 removed, 0 recycled; write=0.003 s, sync=0.007 s, total=0.019 s; sync files=5, longest=0.002 s, average=0.002 s; distance=6360 kB, estimate=6360 kB; lsn=0/4C1A0E0, redo lsn=0/4C1A088
2026-05-06 15:04:30.436 +03 [16528] LOG:  checkpoint starting: immediate force wait
2026-05-06 15:04:30.465 +03 [16528] LOG:  checkpoint complete: wrote 26 buffers (0.2%), wrote 1 SLRU buffers; 0 WAL file(s) added, 0 removed, 1 recycled; write=0.005 s, sync=0.012 s, total=0.030 s; sync files=9, longest=0.002 s, average=0.002 s; distance=6501 kB, estimate=6501 kB; lsn=0/5273690, redo lsn=0/5273638
2026-05-06 15:05:34.246 +03 [11304] LOG:  could not receive data from client: An existing connection was forcibly closed by the remote host.
	
2026-05-06 15:05:46.885 +03 [19688] LOG:  could not receive data from client: An established connection was aborted by the software in your host machine.
	
2026-05-06 15:05:47.002 +03 [10272] LOG:  could not receive data from client: An existing connection was forcibly closed by the remote host.
	
2026-05-06 15:05:59.979 +03 [14012] LOG:  could not receive data from client: An existing connection was forcibly closed by the remote host.
	
2026-05-06 15:05:59.979 +03 [5420] LOG:  could not receive data from client: An existing connection was forcibly closed by the remote host.
	
2026-05-06 15:05:59.979 +03 [7988] LOG:  could not receive data from client: An existing connection was forcibly closed by the remote host.
	
2026-05-06 15:09:30.478 +03 [16528] LOG:  checkpoint starting: time
2026-05-06 15:09:36.580 +03 [16528] LOG:  checkpoint complete: wrote 57 buffers (0.3%), wrote 1 SLRU buffers; 0 WAL file(s) added, 0 removed, 0 recycled; write=6.044 s, sync=0.044 s, total=6.102 s; sync files=39, longest=0.003 s, average=0.002 s; distance=308 kB, estimate=5882 kB; lsn=0/52C0AB8, redo lsn=0/52C0A28
2026-05-06 15:15:53.567 +03 [15616] LOG:  could not receive data from client: An existing connection was forcibly closed by the remote host.
	
2026-05-06 15:15:53.567 +03 [20000] LOG:  could not receive data from client: An existing connection was forcibly closed by the remote host.
	
2026-05-06 15:15:53.567 +03 [16304] LOG:  could not receive data from client: An existing connection was forcibly closed by the remote host.
	
2026-05-06 15:15:53.568 +03 [19856] LOG:  could not receive data from client: An existing connection was forcibly closed by the remote host.
	
2026-05-06 15:15:53.569 +03 [2116] LOG:  could not receive data from client: An existing connection was forcibly closed by the remote host.
	
2026-05-06 15:54:30.624 +03 [16528] LOG:  checkpoint starting: time
2026-05-06 15:54:31.924 +03 [16528] LOG:  checkpoint complete: wrote 12 buffers (0.1%), wrote 1 SLRU buffers; 0 WAL file(s) added, 0 removed, 0 recycled; write=1.270 s, sync=0.015 s, total=1.300 s; sync files=10, longest=0.004 s, average=0.002 s; distance=44 kB, estimate=5298 kB; lsn=0/52CBDF8, redo lsn=0/52CBDA0
2026-05-06 15:57:50.219 +03 [18272] LOG:  could not receive data from client: An existing connection was forcibly closed by the remote host.
	
2026-05-06 15:57:50.219 +03 [18124] LOG:  could not receive data from client: An existing connection was forcibly closed by the remote host.
	
2026-05-06 15:57:50.220 +03 [14884] LOG:  could not receive data from client: An existing connection was forcibly closed by the remote host.
	
2026-05-06 15:57:50.220 +03 [16120] LOG:  could not receive data from client: An existing connection was forcibly closed by the remote host.
	
2026-05-06 15:57:50.220 +03 [10356] LOG:  could not receive data from client: An existing connection was forcibly closed by the remote host.
	
2026-05-06 15:59:30.922 +03 [16528] LOG:  checkpoint starting: time
2026-05-06 15:59:31.045 +03 [16528] LOG:  checkpoint complete: wrote 1 buffers (0.0%), wrote 1 SLRU buffers; 0 WAL file(s) added, 0 removed, 0 recycled; write=0.106 s, sync=0.003 s, total=0.124 s; sync files=2, longest=0.002 s, average=0.002 s; distance=2 kB, estimate=4768 kB; lsn=0/52CC860, redo lsn=0/52CC808
2026-05-06 16:09:30.053 +03 [16528] LOG:  checkpoint starting: time
2026-05-06 16:09:30.182 +03 [16528] LOG:  checkpoint complete: wrote 1 buffers (0.0%), wrote 1 SLRU buffers; 0 WAL file(s) added, 0 removed, 0 recycled; write=0.111 s, sync=0.004 s, total=0.130 s; sync files=2, longest=0.002 s, average=0.002 s; distance=4 kB, estimate=4292 kB; lsn=0/52CD8E8, redo lsn=0/52CD890
2026-05-06 16:26:00.322 +03 [8912] LOG:  could not receive data from client: An existing connection was forcibly closed by the remote host.
	
2026-05-06 16:26:00.323 +03 [17608] LOG:  could not receive data from client: An existing connection was forcibly closed by the remote host.
	
2026-05-06 16:34:30.208 +03 [16528] LOG:  checkpoint starting: time
2026-05-06 16:34:30.336 +03 [16528] LOG:  checkpoint complete: wrote 1 buffers (0.0%), wrote 0 SLRU buffers; 0 WAL file(s) added, 0 removed, 0 recycled; write=0.107 s, sync=0.002 s, total=0.130 s; sync files=1, longest=0.002 s, average=0.002 s; distance=4 kB, estimate=3863 kB; lsn=0/52CE9D8, redo lsn=0/52CE980
2026-05-06 16:49:30.352 +03 [16528] LOG:  checkpoint starting: time
2026-05-06 16:49:31.526 +03 [16528] LOG:  checkpoint complete: wrote 11 buffers (0.1%), wrote 1 SLRU buffers; 0 WAL file(s) added, 0 removed, 0 recycled; write=1.146 s, sync=0.016 s, total=1.175 s; sync files=12, longest=0.004 s, average=0.002 s; distance=25 kB, estimate=3479 kB; lsn=0/52D4EF8, redo lsn=0/52D4EA0
2026-05-06 17:09:30.543 +03 [16528] LOG:  checkpoint starting: time
2026-05-06 17:09:31.197 +03 [16528] LOG:  checkpoint complete: wrote 6 buffers (0.0%), wrote 1 SLRU buffers; 0 WAL file(s) added, 0 removed, 0 recycled; write=0.626 s, sync=0.014 s, total=0.655 s; sync files=7, longest=0.005 s, average=0.002 s; distance=13 kB, estimate=3133 kB; lsn=0/52D86B8, redo lsn=0/52D8660
2026-05-06 17:39:30.237 +03 [16528] LOG:  checkpoint starting: time
2026-05-06 17:39:30.457 +03 [16528] LOG:  checkpoint complete: wrote 2 buffers (0.0%), wrote 0 SLRU buffers; 0 WAL file(s) added, 0 removed, 0 recycled; write=0.207 s, sync=0.003 s, total=0.220 s; sync files=2, longest=0.002 s, average=0.002 s; distance=1 kB, estimate=2819 kB; lsn=0/52D8B70, redo lsn=0/52D8B18
2026-05-06 18:00:57.459 +03 [18768] LOG:  could not receive data from client: An existing connection was forcibly closed by the remote host.
	
2026-05-06 18:00:57.459 +03 [8476] LOG:  could not receive data from client: An existing connection was forcibly closed by the remote host.
	
2026-05-06 18:00:57.460 +03 [19816] LOG:  could not receive data from client: An existing connection was forcibly closed by the remote host.
	
2026-05-06 18:00:57.460 +03 [21380] LOG:  could not receive data from client: An existing connection was forcibly closed by the remote host.
	
2026-05-06 18:00:57.462 +03 [18744] LOG:  could not receive data from client: An existing connection was forcibly closed by the remote host.
	
2026-05-06 18:01:25.389 +03 [8044] LOG:  could not receive data from client: An existing connection was forcibly closed by the remote host.
	
2026-05-06 18:04:30.484 +03 [16528] LOG:  checkpoint starting: time
2026-05-06 18:04:35.981 +03 [16528] LOG:  checkpoint complete: wrote 52 buffers (0.3%), wrote 1 SLRU buffers; 0 WAL file(s) added, 0 removed, 0 recycled; write=5.432 s, sync=0.051 s, total=5.497 s; sync files=44, longest=0.004 s, average=0.002 s; distance=278 kB, estimate=2565 kB; lsn=0/531E578, redo lsn=0/531E520
2026-05-06 18:06:08.652 +03 [20532] LOG:  could not receive data from client: An existing connection was forcibly closed by the remote host.
	
2026-05-06 18:19:30.994 +03 [16528] LOG:  checkpoint starting: time
2026-05-06 18:19:31.222 +03 [16528] LOG:  checkpoint complete: wrote 2 buffers (0.0%), wrote 0 SLRU buffers; 0 WAL file(s) added, 0 removed, 0 recycled; write=0.210 s, sync=0.004 s, total=0.229 s; sync files=2, longest=0.002 s, average=0.002 s; distance=4 kB, estimate=2309 kB; lsn=0/531F7E0, redo lsn=0/531F788
2026-05-06 18:24:30.224 +03 [16528] LOG:  checkpoint starting: time
2026-05-06 18:24:30.455 +03 [16528] LOG:  checkpoint complete: wrote 2 buffers (0.0%), wrote 0 SLRU buffers; 0 WAL file(s) added, 0 removed, 0 recycled; write=0.209 s, sync=0.006 s, total=0.231 s; sync files=2, longest=0.005 s, average=0.003 s; distance=9 kB, estimate=2079 kB; lsn=0/5321DA0, redo lsn=0/5321D48
2026-05-06 18:40:26.190 +03 [8044] LOG:  could not receive data from client: An existing connection was forcibly closed by the remote host.
	
2026-05-06 18:40:26.190 +03 [18160] LOG:  could not receive data from client: An existing connection was forcibly closed by the remote host.
	
2026-05-06 18:40:26.190 +03 [10248] LOG:  could not receive data from client: An existing connection was forcibly closed by the remote host.
	
2026-05-06 18:40:26.190 +03 [20240] LOG:  could not receive data from client: An existing connection was forcibly closed by the remote host.
	
2026-05-06 18:40:26.190 +03 [4516] LOG:  could not receive data from client: An existing connection was forcibly closed by the remote host.
	
2026-05-06 18:40:28.892 +03 [2704] LOG:  could not receive data from client: An established connection was aborted by the software in your host machine.
	
2026-05-06 18:40:29.164 +03 [17680] LOG:  could not receive data from client: An existing connection was forcibly closed by the remote host.
	
2026-05-06 18:44:30.477 +03 [16528] LOG:  checkpoint starting: time
2026-05-06 18:44:35.356 +03 [16528] LOG:  checkpoint complete: wrote 46 buffers (0.3%), wrote 1 SLRU buffers; 0 WAL file(s) added, 0 removed, 0 recycled; write=4.822 s, sync=0.045 s, total=4.880 s; sync files=41, longest=0.005 s, average=0.002 s; distance=265 kB, estimate=1898 kB; lsn=0/53641E8, redo lsn=0/5364158
2026-05-06 18:49:30.358 +03 [16528] LOG:  checkpoint starting: time
2026-05-06 18:49:31.009 +03 [16528] LOG:  checkpoint complete: wrote 6 buffers (0.0%), wrote 1 SLRU buffers; 0 WAL file(s) added, 0 removed, 0 recycled; write=0.626 s, sync=0.012 s, total=0.652 s; sync files=7, longest=0.005 s, average=0.002 s; distance=9 kB, estimate=1709 kB; lsn=0/5366600, redo lsn=0/5366570
2026-05-06 19:42:25.731 +03 [24340] LOG:  could not receive data from client: An existing connection was forcibly closed by the remote host.
	
2026-05-06 19:42:25.731 +03 [23860] LOG:  could not receive data from client: An existing connection was forcibly closed by the remote host.
	
2026-05-06 19:42:25.735 +03 [23636] LOG:  could not receive data from client: An existing connection was forcibly closed by the remote host.
	
2026-05-06 19:42:25.735 +03 [23672] LOG:  could not receive data from client: An existing connection was forcibly closed by the remote host.
	
2026-05-06 19:42:25.737 +03 [21628] LOG:  could not receive data from client: An existing connection was forcibly closed by the remote host.
	
2026-05-06 19:56:45.827 +03 [16528] LOG:  checkpoint starting: time
2026-05-06 19:56:46.182 +03 [16528] LOG:  checkpoint complete: wrote 3 buffers (0.0%), wrote 0 SLRU buffers; 0 WAL file(s) added, 0 removed, 0 recycled; write=0.327 s, sync=0.005 s, total=0.355 s; sync files=3, longest=0.002 s, average=0.002 s; distance=3 kB, estimate=1538 kB; lsn=0/5367310, redo lsn=0/5367280
2026-05-06 20:31:20.470 +03 [8812] LOG:  could not receive data from client: An existing connection was forcibly closed by the remote host.
	
2026-05-06 20:31:20.470 +03 [23920] LOG:  could not receive data from client: An existing connection was forcibly closed by the remote host.
	
2026-05-06 20:31:20.470 +03 [22020] LOG:  could not receive data from client: An existing connection was forcibly closed by the remote host.
	
2026-05-06 20:31:20.470 +03 [21948] LOG:  could not receive data from client: An existing connection was forcibly closed by the remote host.
	
2026-05-06 20:31:20.471 +03 [24168] LOG:  could not receive data from client: An existing connection was forcibly closed by the remote host.
	
2026-05-06 20:37:34.693 +03 [16960] LOG:  could not receive data from client: An existing connection was forcibly closed by the remote host.
	
2026-05-06 20:37:34.693 +03 [6120] LOG:  could not receive data from client: An existing connection was forcibly closed by the remote host.
	
2026-05-06 20:37:34.692 +03 [12416] LOG:  could not receive data from client: An existing connection was forcibly closed by the remote host.
	
2026-05-06 20:37:34.692 +03 [19804] LOG:  could not receive data from client: An existing connection was forcibly closed by the remote host.
	
2026-05-06 20:37:34.692 +03 [7000] LOG:  could not receive data from client: An existing connection was forcibly closed by the remote host.
	
2026-05-06 20:54:28.332 +03 [14380] LOG:  could not receive data from client: An existing connection was forcibly closed by the remote host.
	
2026-05-06 20:54:28.334 +03 [10088] LOG:  could not receive data from client: An existing connection was forcibly closed by the remote host.
	
2026-05-06 20:54:28.334 +03 [19716] LOG:  could not receive data from client: An existing connection was forcibly closed by the remote host.
	
2026-05-06 20:54:28.335 +03 [19884] LOG:  could not receive data from client: An existing connection was forcibly closed by the remote host.
	
2026-05-06 20:59:59.640 +03 [25376] LOG:  could not receive data from client: An existing connection was forcibly closed by the remote host.
	
2026-05-06 20:59:59.640 +03 [25568] LOG:  could not receive data from client: An existing connection was forcibly closed by the remote host.
	
2026-05-06 21:00:29.059 +03 [25272] LOG:  could not receive data from client: An existing connection was forcibly closed by the remote host.
	
2026-05-06 21:00:29.059 +03 [16180] LOG:  could not receive data from client: An existing connection was forcibly closed by the remote host.
	
2026-05-06 21:08:52.836 +03 [4916] LOG:  could not receive data from client: An existing connection was forcibly closed by the remote host.
	
2026-05-06 21:08:52.836 +03 [17012] LOG:  could not receive data from client: An existing connection was forcibly closed by the remote host.
	
2026-05-06 21:08:52.836 +03 [24632] LOG:  could not receive data from client: An existing connection was forcibly closed by the remote host.
	
2026-05-06 21:08:52.836 +03 [24152] LOG:  could not receive data from client: An existing connection was forcibly closed by the remote host.
	
2026-05-06 21:08:52.836 +03 [19404] LOG:  could not receive data from client: An existing connection was forcibly closed by the remote host.
	
2026-05-06 21:13:53.266 +03 [1724] LOG:  could not receive data from client: An existing connection was forcibly closed by the remote host.
	
2026-05-06 21:13:53.267 +03 [15972] LOG:  could not receive data from client: An existing connection was forcibly closed by the remote host.
	
2026-05-06 21:13:53.266 +03 [17660] LOG:  could not receive data from client: An existing connection was forcibly closed by the remote host.
	
2026-05-06 21:13:53.267 +03 [6044] LOG:  could not receive data from client: An existing connection was forcibly closed by the remote host.
	
2026-05-06 21:16:45.258 +03 [16528] LOG:  checkpoint starting: time
2026-05-06 21:16:45.920 +03 [16528] LOG:  checkpoint complete: wrote 6 buffers (0.0%), wrote 1 SLRU buffers; 0 WAL file(s) added, 0 removed, 0 recycled; write=0.638 s, sync=0.011 s, total=0.667 s; sync files=7, longest=0.003 s, average=0.002 s; distance=9 kB, estimate=1385 kB; lsn=0/53698B0, redo lsn=0/5369858
2026-05-06 21:31:19.844 +03 [16760] LOG:  could not receive data from client: An existing connection was forcibly closed by the remote host.
	
2026-05-06 21:31:19.844 +03 [23532] LOG:  could not receive data from client: An existing connection was forcibly closed by the remote host.
	
2026-05-06 21:31:19.844 +03 [12768] LOG:  could not receive data from client: An existing connection was forcibly closed by the remote host.
	
2026-05-06 21:31:45.934 +03 [16528] LOG:  checkpoint starting: time
2026-05-06 21:31:46.060 +03 [16528] LOG:  checkpoint complete: wrote 1 buffers (0.0%), wrote 1 SLRU buffers; 0 WAL file(s) added, 0 removed, 0 recycled; write=0.106 s, sync=0.005 s, total=0.127 s; sync files=2, longest=0.003 s, average=0.003 s; distance=1 kB, estimate=1247 kB; lsn=0/5369D40, redo lsn=0/5369CE8
2026-05-06 21:52:09.377 +03 [8524] LOG:  could not receive data from client: An existing connection was forcibly closed by the remote host.
	
2026-05-06 21:53:42.690 +03 [3312] LOG:  could not receive data from client: An existing connection was forcibly closed by the remote host.
	
2026-05-06 21:53:42.690 +03 [13756] LOG:  could not receive data from client: An existing connection was forcibly closed by the remote host.
	
2026-05-06 21:53:42.690 +03 [21672] LOG:  could not receive data from client: An existing connection was forcibly closed by the remote host.
	
2026-05-06 21:54:46.135 +03 [21568] LOG:  could not receive data from client: An existing connection was forcibly closed by the remote host.
	
2026-05-06 21:57:01.852 +03 [15996] LOG:  could not receive data from client: An existing connection was forcibly closed by the remote host.
	
2026-05-06 21:57:01.853 +03 [8196] LOG:  could not receive data from client: An existing connection was forcibly closed by the remote host.
	
2026-05-06 22:06:45.633 +03 [12336] ERROR:  duplicate key value violates unique constraint "Institution_name_key"
2026-05-06 22:06:45.633 +03 [12336] DETAIL:  Key (name)=(whitedental) already exists.
2026-05-06 22:06:45.633 +03 [12336] STATEMENT:  INSERT INTO "public"."Institution" ("id","name","email","phone","address","subscriptionPlan","smsBalance","isActive","createdAt","updatedAt","adIntensity","adsEnabled","serviceMode","throttleMs") VALUES ($1,$2,$3,$4,$5,CAST($6::text AS "public"."SubscriptionPlan"),$7,$8,$9,$10,CAST($11::text AS "public"."AdIntensity"),$12,CAST($13::text AS "public"."ServiceMode"),$14) RETURNING "public"."Institution"."id"
2026-05-06 22:06:45.644 +03 [12336] LOG:  could not receive data from client: An existing connection was forcibly closed by the remote host.
	
2026-05-06 22:08:57.451 +03 [24676] LOG:  could not receive data from client: An existing connection was forcibly closed by the remote host.
	
2026-05-06 22:09:42.815 +03 [19020] LOG:  could not receive data from client: An existing connection was forcibly closed by the remote host.
	
2026-05-06 22:11:45.112 +03 [16528] LOG:  checkpoint starting: time
2026-05-06 22:11:45.348 +03 [16528] LOG:  checkpoint complete: wrote 2 buffers (0.0%), wrote 1 SLRU buffers; 0 WAL file(s) added, 0 removed, 0 recycled; write=0.216 s, sync=0.007 s, total=0.240 s; sync files=3, longest=0.004 s, average=0.003 s; distance=1 kB, estimate=1122 kB; lsn=0/536A1F0, redo lsn=0/536A198
2026-05-06 22:19:20.738 +03 [23984] LOG:  could not receive data from client: An existing connection was forcibly closed by the remote host.
	
2026-05-06 22:19:20.739 +03 [27192] LOG:  could not receive data from client: An existing connection was forcibly closed by the remote host.
	
2026-05-06 22:19:20.739 +03 [27140] LOG:  could not receive data from client: An existing connection was forcibly closed by the remote host.
	
2026-05-06 22:19:20.739 +03 [27128] LOG:  could not receive data from client: An existing connection was forcibly closed by the remote host.
	
2026-05-06 22:19:27.030 +03 [23400] LOG:  could not receive data from client: An existing connection was forcibly closed by the remote host.
	
2026-05-06 22:20:28.862 +03 [23040] LOG:  could not receive data from client: An existing connection was forcibly closed by the remote host.
	
2026-05-06 22:20:28.862 +03 [16892] LOG:  could not receive data from client: An existing connection was forcibly closed by the remote host.
	
2026-05-06 22:20:28.862 +03 [20436] LOG:  could not receive data from client: An existing connection was forcibly closed by the remote host.
	
2026-05-06 22:21:16.152 +03 [15996] LOG:  could not receive data from client: An existing connection was forcibly closed by the remote host.
	
2026-05-06 22:21:16.152 +03 [23456] LOG:  could not receive data from client: An existing connection was forcibly closed by the remote host.
	
2026-05-06 22:22:05.723 +03 [22256] LOG:  could not receive data from client: An existing connection was forcibly closed by the remote host.
	
2026-05-06 22:22:05.723 +03 [6480] LOG:  could not receive data from client: An existing connection was forcibly closed by the remote host.
	
2026-05-06 22:22:33.718 +03 [26892] LOG:  could not receive data from client: An existing connection was forcibly closed by the remote host.
	
2026-05-06 22:31:36.721 +03 [20804] LOG:  could not receive data from client: An existing connection was forcibly closed by the remote host.
	
2026-05-06 22:31:42.844 +03 [22752] LOG:  could not receive data from client: An existing connection was forcibly closed by the remote host.
	
2026-05-06 22:31:42.844 +03 [21680] LOG:  could not receive data from client: An existing connection was forcibly closed by the remote host.
	
2026-05-06 22:31:45.376 +03 [16528] LOG:  checkpoint starting: time
2026-05-06 22:31:50.537 +03 [16528] LOG:  checkpoint complete: wrote 49 buffers (0.3%), wrote 1 SLRU buffers; 0 WAL file(s) added, 0 removed, 0 recycled; write=5.108 s, sync=0.043 s, total=5.161 s; sync files=43, longest=0.002 s, average=0.001 s; distance=275 kB, estimate=1037 kB; lsn=0/53AEE30, redo lsn=0/53AEDD8
2026-05-06 22:32:14.437 +03 [27380] LOG:  could not receive data from client: An existing connection was forcibly closed by the remote host.
	
2026-05-06 22:32:27.730 +03 [18572] LOG:  could not receive data from client: An existing connection was forcibly closed by the remote host.
	
2026-05-06 22:36:45.541 +03 [16528] LOG:  checkpoint starting: time
2026-05-06 22:36:46.703 +03 [16528] LOG:  checkpoint complete: wrote 11 buffers (0.1%), wrote 0 SLRU buffers; 0 WAL file(s) added, 0 removed, 0 recycled; write=1.144 s, sync=0.008 s, total=1.163 s; sync files=8, longest=0.002 s, average=0.001 s; distance=55 kB, estimate=939 kB; lsn=0/53BCA88, redo lsn=0/53BCA30
2026-05-07 00:28:54.128 +03 [26128] LOG:  could not receive data from client: An existing connection was forcibly closed by the remote host.
	
2026-05-07 00:28:54.128 +03 [22144] LOG:  could not receive data from client: An existing connection was forcibly closed by the remote host.
	
2026-05-07 00:28:54.145 +03 [16464] LOG:  client backend (PID 10912) was terminated by exception 0x40010004
2026-05-07 00:28:54.145 +03 [16464] DETAIL:  Failed process was running: SELECT "public"."User"."id", "public"."User"."identityNo", "public"."User"."fullName", "public"."User"."email", "public"."User"."passwordHash", "public"."User"."role"::text, "public"."User"."isActive", "public"."User"."createdAt", "public"."User"."updatedAt", "public"."User"."institutionId", "public"."User"."genelYuzde", "public"."User"."kkYuzde", "public"."User"."maasYuzde" FROM "public"."User" WHERE "public"."User"."id" IN ($1) OFFSET $2
2026-05-07 00:28:54.145 +03 [16464] HINT:  See C include file "ntstatus.h" for a description of the hexadecimal value.
2026-05-07 00:28:54.146 +03 [16464] LOG:  terminating any other active server processes
2026-05-07 00:28:54.235 +03 [16464] LOG:  all server processes terminated; reinitializing
2026-05-07 00:28:54.316 +03 [16464] LOG:  startup process (PID 900) was terminated by exception 0xC000026B
2026-05-07 00:28:54.316 +03 [16464] HINT:  See C include file "ntstatus.h" for a description of the hexadecimal value.
2026-05-07 00:28:54.317 +03 [16464] LOG:  aborting startup due to startup process failure
2026-05-07 00:28:54.323 +03 [16464] LOG:  database system is shut down
2026-05-07 00:31:07.936 +03 [17352] LOG:  starting PostgreSQL 18.3 on x86_64-windows, compiled by msvc-19.44.35225, 64-bit
2026-05-07 00:31:07.949 +03 [17352] LOG:  could not bind IPv6 address "::1": Only one usage of each socket address (protocol/network address/port) is normally permitted.
	
2026-05-07 00:31:07.949 +03 [17352] HINT:  Is another postmaster already running on port 5432? If not, wait a few seconds and retry.
2026-05-07 00:31:07.949 +03 [17352] LOG:  could not bind IPv4 address "127.0.0.1": Only one usage of each socket address (protocol/network address/port) is normally permitted.
	
2026-05-07 00:31:07.949 +03 [17352] HINT:  Is another postmaster already running on port 5432? If not, wait a few seconds and retry.
2026-05-07 00:31:07.950 +03 [17352] WARNING:  could not create listen socket for "localhost"
2026-05-07 00:31:07.950 +03 [17352] FATAL:  could not create any TCP/IP sockets
2026-05-07 00:31:07.951 +03 [17352] LOG:  database system is shut down
2026-05-08 08:40:18.510 +03 [20004] LOG:  starting PostgreSQL 18.3 on x86_64-windows, compiled by msvc-19.44.35225, 64-bit
2026-05-08 08:40:18.523 +03 [20004] LOG:  could not bind IPv6 address "::1": Only one usage of each socket address (protocol/network address/port) is normally permitted.
	
2026-05-08 08:40:18.523 +03 [20004] HINT:  Is another postmaster already running on port 5432? If not, wait a few seconds and retry.
2026-05-08 08:40:18.523 +03 [20004] LOG:  could not bind IPv4 address "127.0.0.1": Only one usage of each socket address (protocol/network address/port) is normally permitted.
	
2026-05-08 08:40:18.523 +03 [20004] HINT:  Is another postmaster already running on port 5432? If not, wait a few seconds and retry.
2026-05-08 08:40:18.523 +03 [20004] WARNING:  could not create listen socket for "localhost"
2026-05-08 08:40:18.523 +03 [20004] FATAL:  could not create any TCP/IP sockets
2026-05-08 08:40:18.525 +03 [20004] LOG:  database system is shut down
